TN:
SF:src/app.ts
FN:24,(anonymous_1)
FN:34,(anonymous_2)
FNF:2
FNH:1
FNDA:1,(anonymous_1)
FNDA:0,(anonymous_2)
DA:1,1
DA:3,1
DA:4,1
DA:5,1
DA:6,1
DA:8,1
DA:19,1
DA:21,1
DA:24,1
DA:25,1
DA:31,1
DA:34,1
DA:35,0
DA:38,1
DA:40,1
DA:42,1
LF:16
LH:15
BRF:0
BRH:0
end_of_record
TN:
SF:src/controllers/admin.controller.ts
FN:9,(anonymous_8)
FN:16,(anonymous_9)
FN:16,(anonymous_10)
FN:40,(anonymous_11)
FN:40,(anonymous_12)
FN:58,(anonymous_13)
FN:58,(anonymous_14)
FNF:7
FNH:0
FNDA:0,(anonymous_8)
FNDA:0,(anonymous_9)
FNDA:0,(anonymous_10)
FNDA:0,(anonymous_11)
FNDA:0,(anonymous_12)
FNDA:0,(anonymous_13)
FNDA:0,(anonymous_14)
DA:2,1
DA:3,1
DA:4,1
DA:5,1
DA:7,1
DA:9,1
DA:10,0
DA:15,1
DA:16,0
DA:17,0
DA:19,0
DA:20,0
DA:23,0
DA:25,0
DA:26,0
DA:29,0
DA:31,0
DA:39,1
DA:40,0
DA:41,0
DA:42,0
DA:44,0
DA:50,0
DA:57,1
DA:58,0
DA:61,0
DA:65,0
DA:67,0
DA:69,0
DA:70,0
DA:79,0
LF:31
LH:9
BRDA:19,0,0,0
BRDA:19,1,0,0
BRDA:19,1,1,0
BRDA:25,2,0,0
BRDA:25,3,0,0
BRDA:25,3,1,0
BRDA:61,4,0,0
BRDA:62,5,0,0
BRDA:62,5,1,0
BRDA:69,6,0,0
BRF:10
BRH:0
end_of_record
TN:
SF:src/controllers/error.controller.ts
FN:4,(anonymous_1)
FN:9,(anonymous_2)
FN:16,(anonymous_3)
FN:25,(anonymous_4)
FN:41,globalErrorHandler
FNF:5
FNH:0
FNDA:0,(anonymous_1)
FNDA:0,(anonymous_2)
FNDA:0,(anonymous_3)
FNDA:0,(anonymous_4)
FNDA:0,globalErrorHandler
DA:2,1
DA:4,1
DA:5,0
DA:6,0
DA:9,1
DA:10,0
DA:11,0
DA:13,0
DA:16,1
DA:17,0
DA:25,1
DA:27,0
DA:28,0
DA:35,0
DA:41,1
DA:47,0
DA:48,0
DA:50,0
DA:51,0
DA:54,0
DA:55,0
DA:56,0
DA:58,0
LF:23
LH:6
BRDA:27,0,0,0
BRDA:47,1,0,0
BRDA:47,1,1,0
BRDA:48,2,0,0
BRDA:48,2,1,0
BRDA:50,3,0,0
BRDA:54,4,0,0
BRDA:55,5,0,0
BRDA:56,6,0,0
BRF:9
BRH:0
end_of_record
TN:
SF:src/controllers/form.controller.ts
FN:8,(anonymous_8)
FN:8,(anonymous_9)
FN:58,(anonymous_10)
FN:58,(anonymous_11)
FN:74,(anonymous_12)
FN:74,(anonymous_13)
FN:95,(anonymous_14)
FN:95,(anonymous_15)
FN:120,(anonymous_16)
FN:120,(anonymous_17)
FNF:10
FNH:2
FNDA:0,(anonymous_8)
FNDA:0,(anonymous_9)
FNDA:1,(anonymous_10)
FNDA:1,(anonymous_11)
FNDA:0,(anonymous_12)
FNDA:0,(anonymous_13)
FNDA:0,(anonymous_14)
FNDA:0,(anonymous_15)
FNDA:0,(anonymous_16)
FNDA:0,(anonymous_17)
DA:2,1
DA:3,1
DA:4,1
DA:5,1
DA:7,1
DA:8,0
DA:10,0
DA:12,0
DA:22,0
DA:40,0
DA:41,0
DA:47,0
DA:50,0
DA:57,1
DA:58,1
DA:59,1
DA:61,0
DA:62,0
DA:64,0
DA:73,1
DA:74,0
DA:75,0
DA:77,0
DA:79,0
DA:80,0
DA:85,0
DA:94,1
DA:95,0
DA:96,0
DA:105,0
DA:106,0
DA:110,0
DA:119,1
DA:120,0
DA:121,0
DA:123,0
DA:124,0
DA:128,0
LF:38
LH:11
BRDA:61,0,0,0
BRDA:79,1,0,0
BRDA:105,2,0,0
BRDA:123,3,0,0
BRF:4
BRH:0
end_of_record
TN:
SF:src/middleware/corsMiddleware.ts
FN:3,(anonymous_0)
FNF:1
FNH:1
FNDA:2,(anonymous_0)
DA:3,1
DA:8,2
DA:10,2
DA:12,2
DA:13,2
DA:14,2
LF:6
LH:6
BRDA:13,0,0,0
BRDA:13,0,1,2
BRF:2
BRH:1
end_of_record
TN:
SF:src/middleware/validateResource.ts
FN:5,(anonymous_0)
FN:6,(anonymous_1)
FNF:2
FNH:1
FNDA:2,(anonymous_0)
FNDA:0,(anonymous_1)
DA:5,1
DA:6,2
DA:7,0
DA:8,0
DA:13,0
DA:15,0
DA:19,1
LF:7
LH:3
BRF:0
BRH:0
end_of_record
TN:
SF:src/models/admin.model.ts
FN:34,(anonymous_8)
FNF:1
FNH:0
FNDA:0,(anonymous_8)
DA:1,1
DA:2,1
DA:11,1
DA:34,1
DA:38,0
DA:41,1
DA:43,1
LF:7
LH:6
BRF:0
BRH:0
end_of_record
TN:
SF:src/models/form.model.ts
FNF:0
FNH:0
DA:1,1
DA:15,1
DA:52,1
DA:54,1
LF:4
LH:4
BRF:0
BRH:0
end_of_record
TN:
SF:src/routes/routes.ts
FN:20,routes
FNF:1
FNH:1
FNDA:1,routes
DA:2,1
DA:4,1
DA:11,1
DA:13,1
DA:18,1
DA:23,1
DA:24,1
DA:25,1
DA:26,1
DA:27,1
DA:29,1
DA:30,1
DA:33,1
LF:13
LH:13
BRF:0
BRH:0
end_of_record
TN:
SF:src/schemas/admin.schema.ts
FNF:0
FNH:0
DA:1,1
DA:3,1
DA:20,1
LF:3
LH:3
BRF:0
BRH:0
end_of_record
TN:
SF:src/schemas/form.schema.ts
FNF:0
FNH:0
DA:1,1
DA:3,1
LF:2
LH:2
BRF:0
BRH:0
end_of_record
TN:
SF:src/utils/appError.ts
FN:6,(anonymous_0)
FNF:1
FNH:0
FNDA:0,(anonymous_0)
DA:7,0
DA:9,0
DA:10,0
DA:11,0
DA:13,0
DA:17,1
LF:6
LH:1
BRDA:10,0,0,0
BRDA:10,0,1,0
BRF:2
BRH:0
end_of_record
TN:
SF:src/utils/catchAsync.ts
FN:3,(anonymous_0)
FN:4,(anonymous_1)
FN:5,(anonymous_2)
FNF:3
FNH:2
FNDA:9,(anonymous_0)
FNDA:1,(anonymous_1)
FNDA:0,(anonymous_2)
DA:3,1
DA:4,9
DA:5,1
LF:3
LH:3
BRF:0
BRH:0
end_of_record
TN:
SF:src/utils/email.ts
FN:4,(anonymous_8)
FN:4,(anonymous_9)
FN:21,(anonymous_10)
FNF:3
FNH:0
FNDA:0,(anonymous_8)
FNDA:0,(anonymous_9)
FNDA:0,(anonymous_10)
DA:1,1
DA:2,1
DA:4,1
DA:6,0
DA:14,0
DA:21,0
DA:22,0
DA:23,0
DA:25,0
LF:9
LH:3
BRDA:22,0,0,0
BRDA:22,0,1,0
BRF:2
BRH:0
end_of_record
TN:
SF:src/utils/hashPassword.ts
FN:3,(anonymous_8)
FN:3,(anonymous_9)
FNF:2
FNH:0
FNDA:0,(anonymous_8)
FNDA:0,(anonymous_9)
DA:1,1
DA:3,1
DA:4,0
DA:6,0
LF:4
LH:2
BRF:0
BRH:0
end_of_record
